0	1	mikroCPIC1618.exe -MSF -DBG -pP18F452 -DL -O11111114 -fo20 -N"C:\Users\electronics\Desktop\test\source\mikroC\DPS_v2.x\DPS_v2.3\DPS_V2.3.mcppi" -SP"C:\Users\Public\Documents\Mikroelektronika\mikroC PRO for PIC\Defs\" -SP"C:\Users\Public\Documents\Mikroelektronika\mikroC PRO for PIC\uses\P18\" -SP"C:\Users\electronics\Desktop\test\source\mikroC\DPS_v2.x\DPS_v2.3\" -IP"C:\Users\Public\Documents\Mikroelektronika\mikroC PRO for PIC\uses\P18\" "test.c" "lcd.c" "ADC.c" "__Lib_Math.mcl" "__Lib_MathDouble.mcl" "__Lib_System.mcl" "__Lib_Delays.mcl" "__Lib_CType.mcl" "__Lib_CString.mcl" "__Lib_CStdlib.mcl" "__Lib_CMath.mcl" "__Lib_LcdConsts.mcl" "__Lib_Lcd.mcl"	 
hint: 0	1139	Available RAM: 1515 [bytes], Available ROM: 32768 [bytes]	 
diagnostics: 0	122	Compilation Started	math.h
hint: 60	1163	Variable 'result' has been declared, but not used	test.c
hint: 61	1163	Variable 'OldResult' has been declared, but not used	test.c
diagnostics: 281	123	Compiled Successfully	test.c
hint: 56	1164	Variable 'b' has been eliminated by optimizer	test.c
hint: 59	1164	Variable 'voltage_res' has been eliminated by optimizer	test.c
hint: 47	1164	Variable 'voltage' has been eliminated by optimizer	test.c
hint: 48	1164	Variable 'current' has been eliminated by optimizer	test.c
hint: 49	1164	Variable '_prevVoltage' has been eliminated by optimizer	test.c
hint: 50	1164	Variable '_prevCurrent' has been eliminated by optimizer	test.c
hint: 205	1164	Variable 'ipart' has been eliminated by optimizer	test.c
diagnostics: 0	122	Compilation Started	lcd.c
diagnostics: 114	123	Compiled Successfully	lcd.c
diagnostics: 0	122	Compilation Started	adc.h
diagnostics: 23	123	Compiled Successfully	ADC.c
diagnostics: 0	127	All files Compiled in 156 ms	 
hint: 0	1144	Used RAM (bytes): 110 (7%)  Free RAM (bytes): 1405 (93%)	Used RAM (bytes): 110 (7%)  Free RAM (bytes): 1405 (93%)
hint: 0	1144	Used ROM (bytes): 8342 (25%)  Free ROM (bytes): 24426 (75%)	Used ROM (bytes): 8342 (25%)  Free ROM (bytes): 24426 (75%)
diagnostics: 0	125	Project Linked Successfully	DPS_V2.3.mcppi
diagnostics: 0	128	Linked in 47 ms	 
diagnostics: 0	129	Project 'DPS_V2.3.mcppi' completed: 250 ms	 
diagnostics: 0	103	Finished successfully: 15 Mar 2020, 23:01:27	DPS_V2.3.mcppi
